<?xml version="1.0" encoding="UTF-8"?>
<!-- Generated by org.testng.reporters.JUnitXMLReporter -->
<testsuite hostname="DESKTOP-JBNJIEA" ignored="0" name="Surefire test" tests="16" failures="6" timestamp="09 Jul 2021 11:37:19 GMT" time="74.629" errors="0">
  <testcase name="TC014" time="3.936" classname="railway.account.BookTicketTest"/>
  <testcase name="TC015" time="3.067" classname="railway.account.BookTicketTest"/>
  <testcase name="TC016" time="4.488" classname="railway.account.BookTicketTest"/>
  <testcase name="TC09" time="7.337" classname="railway.account.ChangePasswordTest"/>
  <testcase name="TC012" time="4.448" classname="railway.account.ForgotPasswordTest">
    <failure type="java.lang.AssertionError" message="[Know-Bug] The System doest not send request to email expected [true] but found [false]">
      <![CDATA[java.lang.AssertionError: [Know-Bug] The System doest not send request to email expected [true] but found [false]
at railway.account.ForgotPasswordTest.TC012(ForgotPasswordTest.java:19)
... Removed 33 stack frames]]>
    </failure>
  </testcase> <!-- TC012 -->
  <testcase name="TC013" time="2.717" classname="railway.account.ForgotPasswordTest">
    <failure type="java.lang.AssertionError" message="[Know-Bug] The System doest not send request to email expected [true] but found [false]">
      <![CDATA[java.lang.AssertionError: [Know-Bug] The System doest not send request to email expected [true] but found [false]
at railway.account.ForgotPasswordTest.TC013(ForgotPasswordTest.java:28)
... Removed 33 stack frames]]>
    </failure>
  </testcase> <!-- TC013 -->
  <testcase name="TC07" time="1.901" classname="railway.account.RegisterTest">
    <failure type="java.lang.AssertionError" message="expected [Thank you for registering your account] but found [You&amp;apos;re here]">
      <![CDATA[java.lang.AssertionError: expected [Thank you for registering your account] but found [You're here]
at railway.account.RegisterTest.TC07(RegisterTest.java:33)
... Removed 36 stack frames]]>
    </failure>
  </testcase> <!-- TC07 -->
  <testcase name="TC10" time="1.698" classname="railway.account.RegisterTest"/>
  <testcase name="TC11" time="1.382" classname="railway.account.RegisterTest"/>
  <testcase name="TC06" time="6.319" classname="railway.InterfaceTest.DisplayTest"/>
  <testcase name="TC01" time="1.926" classname="railway.login.LoginTest">
    <failure type="java.lang.AssertionError" message="expected [Welcome thai00458@gmail.com] but found []">
      <![CDATA[java.lang.AssertionError: expected [Welcome thai00458@gmail.com] but found []
at railway.login.LoginTest.TC01(LoginTest.java:33)
... Removed 36 stack frames]]>
    </failure>
  </testcase> <!-- TC01 -->
  <testcase name="TC02" time="1.262" classname="railway.login.LoginTest"/>
  <testcase name="TC03" time="1.311" classname="railway.login.LoginTest"/>
  <testcase name="TC04" time="0.808" classname="railway.login.LoginTest"/>
  <testcase name="TC05" time="3.271" classname="railway.login.LoginTest">
    <failure type="java.lang.AssertionError" message="expected [You have used 4 out of 5 login attempts. After all 5 have been used, you will be unable to login for 15 minutes.] but found [Invalid username or password. Please try again.]">
      <![CDATA[java.lang.AssertionError: expected [You have used 4 out of 5 login attempts. After all 5 have been used, you will be unable to login for 15 minutes.] but found [Invalid username or password. Please try again.]
at railway.login.LoginTest.TC05(LoginTest.java:65)
... Removed 36 stack frames]]>
    </failure>
  </testcase> <!-- TC05 -->
  <testcase name="TC08" time="1.67" classname="railway.login.LoginTest">
    <failure type="java.lang.AssertionError" message="expected [true] but found [false]">
      <![CDATA[java.lang.AssertionError: expected [true] but found [false]
at railway.login.LoginTest.TC08(LoginTest.java:73)
... Removed 36 stack frames]]>
    </failure>
  </testcase> <!-- TC08 -->
</testsuite> <!-- Surefire test -->
