<!DOCTYPE html PUBLIC "-//W3C//DTD XHTML 1.1//EN" "http://www.w3.org/TR/xhtml11/DTD/xhtml11.dtd">
<html xmlns="http://www.w3.org/1999/xhtml">
<head>
<meta http-equiv="content-type" content="text/html; charset=UTF-8"/>
<title>TestNG Report</title>
<style type="text/css">table {margin-bottom:10px;border-collapse:collapse;empty-cells:show}th,td {border:1px solid #009;padding:.25em .5em}th {vertical-align:bottom}td {vertical-align:top}table a {font-weight:bold}.stripe td {background-color: #E6EBF9}.num {text-align:right}.passedodd td {background-color: #3F3}.passedeven td {background-color: #0A0}.skippedodd td {background-color: #DDD}.skippedeven td {background-color: #CCC}.failedodd td,.attn {background-color: #F33}.failedeven td,.stripe .attn {background-color: #D00}.stacktrace {white-space:pre;font-family:monospace}.totop {font-size:85%;text-align:center;border-bottom:2px solid #000}.invisible {display:none}</style>
</head>
<body>
<table>
<tr><th>Test</th><th># Passed</th><th># Skipped</th><th># Failed</th><th>Time (ms)</th><th>Included Groups</th><th>Excluded Groups</th></tr>
<tr><th colspan="7">Surefire suite</th></tr>
<tr><td><a href="#t0">Surefire test</a></td><td class="num">10</td><td class="num">0</td><td class="num attn">6</td><td class="num">74,629</td><td></td><td></td></tr>
</table>
<table id='summary'><thead><tr><th>Class</th><th>Method</th><th>Start</th><th>Time (ms)</th></tr></thead><tbody><tr><th colspan="4">Surefire suite</th></tr></tbody><tbody id="t0"><tr><th colspan="4">Surefire test &#8212; failed</th></tr><tr class="failedeven"><td rowspan="2">railway.account.ForgotPasswordTest</td><td><a href="#m0">TC012</a></td><td rowspan="1">1625830596025</td><td rowspan="1">4448</td></tr><tr class="failedeven"><td><a href="#m1">TC013</a></td><td rowspan="1">1625830600476</td><td rowspan="1">2717</td></tr><tr class="failedodd"><td rowspan="1">railway.account.RegisterTest</td><td><a href="#m2">TC07</a></td><td rowspan="1">1625830606678</td><td rowspan="1">1901</td></tr><tr class="failedeven"><td rowspan="3">railway.login.LoginTest</td><td><a href="#m3">TC01</a></td><td rowspan="1">1625830624251</td><td rowspan="1">1926</td></tr><tr class="failedeven"><td><a href="#m4">TC05</a></td><td rowspan="1">1625830632686</td><td rowspan="1">3271</td></tr><tr class="failedeven"><td><a href="#m5">TC08</a></td><td rowspan="1">1625830636464</td><td rowspan="1">1670</td></tr><tr><th colspan="4">Surefire test &#8212; passed</th></tr><tr class="passedeven"><td rowspan="1">railway.InterfaceTest.DisplayTest</td><td><a href="#m6">TC06</a></td><td rowspan="1">1625830614491</td><td rowspan="1">6319</td></tr><tr class="passedodd"><td rowspan="3">railway.account.BookTicketTest</td><td><a href="#m7">TC014</a></td><td rowspan="1">1625830569631</td><td rowspan="1">3936</td></tr><tr class="passedodd"><td><a href="#m8">TC015</a></td><td rowspan="1">1625830575089</td><td rowspan="1">3067</td></tr><tr class="passedodd"><td><a href="#m9">TC016</a></td><td rowspan="1">1625830579695</td><td rowspan="1">4488</td></tr><tr class="passedeven"><td rowspan="1">railway.account.ChangePasswordTest</td><td><a href="#m10">TC09</a></td><td rowspan="1">1625830586891</td><td rowspan="1">7337</td></tr><tr class="passedodd"><td rowspan="2">railway.account.RegisterTest</td><td><a href="#m11">TC10</a></td><td rowspan="1">1625830609120</td><td rowspan="1">1698</td></tr><tr class="passedodd"><td><a href="#m12">TC11</a></td><td rowspan="1">1625830611350</td><td rowspan="1">1382</td></tr><tr class="passedeven"><td rowspan="3">railway.login.LoginTest</td><td><a href="#m13">TC02</a></td><td rowspan="1">1625830627670</td><td rowspan="1">1262</td></tr><tr class="passedeven"><td><a href="#m14">TC03</a></td><td rowspan="1">1625830629452</td><td rowspan="1">1311</td></tr><tr class="passedeven"><td><a href="#m15">TC04</a></td><td rowspan="1">1625830631339</td><td rowspan="1">808</td></tr></tbody>
</table>
<h2>Surefire test</h2><h3 id="m0">railway.account.ForgotPasswordTest#TC012</h3><table class="result"><tr><th>Exception</th></tr><tr><td><div class="stacktrace">java.lang.AssertionError: [Know-Bug] The System doest not send request to email expected [true] but found [false]
	at railway.account.ForgotPasswordTest.TC012(ForgotPasswordTest.java:19)
... Removed 33 stack frames</div></td></tr></table><p class="totop"><a href="#summary">back to summary</a></p>
<h3 id="m1">railway.account.ForgotPasswordTest#TC013</h3><table class="result"><tr><th>Exception</th></tr><tr><td><div class="stacktrace">java.lang.AssertionError: [Know-Bug] The System doest not send request to email expected [true] but found [false]
	at railway.account.ForgotPasswordTest.TC013(ForgotPasswordTest.java:28)
... Removed 33 stack frames</div></td></tr></table><p class="totop"><a href="#summary">back to summary</a></p>
<h3 id="m2">railway.account.RegisterTest#TC07</h3><table class="result"><tr><th>Exception</th></tr><tr><td><div class="stacktrace">java.lang.AssertionError: expected [Thank you for registering your account] but found [You&apos;re here]
	at railway.account.RegisterTest.TC07(RegisterTest.java:33)
... Removed 36 stack frames</div></td></tr></table><p class="totop"><a href="#summary">back to summary</a></p>
<h3 id="m3">railway.login.LoginTest#TC01</h3><table class="result"><tr><th>Exception</th></tr><tr><td><div class="stacktrace">java.lang.AssertionError: expected [Welcome thai00458@gmail.com] but found []
	at railway.login.LoginTest.TC01(LoginTest.java:33)
... Removed 36 stack frames</div></td></tr></table><p class="totop"><a href="#summary">back to summary</a></p>
<h3 id="m4">railway.login.LoginTest#TC05</h3><table class="result"><tr><th>Exception</th></tr><tr><td><div class="stacktrace">java.lang.AssertionError: expected [You have used 4 out of 5 login attempts. After all 5 have been used, you will be unable to login for 15 minutes.] but found [Invalid username or password. Please try again.]
	at railway.login.LoginTest.TC05(LoginTest.java:65)
... Removed 36 stack frames</div></td></tr></table><p class="totop"><a href="#summary">back to summary</a></p>
<h3 id="m5">railway.login.LoginTest#TC08</h3><table class="result"><tr><th>Exception</th></tr><tr><td><div class="stacktrace">java.lang.AssertionError: expected [true] but found [false]
	at railway.login.LoginTest.TC08(LoginTest.java:73)
... Removed 36 stack frames</div></td></tr></table><p class="totop"><a href="#summary">back to summary</a></p>
<h3 id="m6">railway.InterfaceTest.DisplayTest#TC06</h3><table class="result"><tr><th class="invisible"/></tr></table><p class="totop"><a href="#summary">back to summary</a></p>
<h3 id="m7">railway.account.BookTicketTest#TC014</h3><table class="result"><tr><th class="invisible"/></tr></table><p class="totop"><a href="#summary">back to summary</a></p>
<h3 id="m8">railway.account.BookTicketTest#TC015</h3><table class="result"><tr><th class="invisible"/></tr></table><p class="totop"><a href="#summary">back to summary</a></p>
<h3 id="m9">railway.account.BookTicketTest#TC016</h3><table class="result"><tr><th class="invisible"/></tr></table><p class="totop"><a href="#summary">back to summary</a></p>
<h3 id="m10">railway.account.ChangePasswordTest#TC09</h3><table class="result"><tr><th class="invisible"/></tr></table><p class="totop"><a href="#summary">back to summary</a></p>
<h3 id="m11">railway.account.RegisterTest#TC10</h3><table class="result"><tr><th class="invisible"/></tr></table><p class="totop"><a href="#summary">back to summary</a></p>
<h3 id="m12">railway.account.RegisterTest#TC11</h3><table class="result"><tr><th class="invisible"/></tr></table><p class="totop"><a href="#summary">back to summary</a></p>
<h3 id="m13">railway.login.LoginTest#TC02</h3><table class="result"><tr><th class="invisible"/></tr></table><p class="totop"><a href="#summary">back to summary</a></p>
<h3 id="m14">railway.login.LoginTest#TC03</h3><table class="result"><tr><th class="invisible"/></tr></table><p class="totop"><a href="#summary">back to summary</a></p>
<h3 id="m15">railway.login.LoginTest#TC04</h3><table class="result"><tr><th class="invisible"/></tr></table><p class="totop"><a href="#summary">back to summary</a></p>
</body>
</html>
